1543952491.848882|M|mt_stop2|
1543952491.849293|M|unregister magic trackpad 2|
1543952491.852157|M|register touchbar mbp trackpad|
1543952491.852201|M|register internal trackpad|
1543952491.852239|STDEV||
1543952492.167755|M|mt_stop2|
1543952492.167840|M|unregister magic trackpad 2|
1543952492.169088|M|register touchbar mbp trackpad|
1543952492.169115|M|register internal trackpad|
1543952492.169134|STDEV||
1543952494.024116|M|mt_stop2|
1543952494.024390|M|unregister magic trackpad 2|
1543952494.027129|M|register touchbar mbp trackpad|
1543952494.027175|M|register internal trackpad|
1543952494.027206|STDEV||
1543952494.251509|M|mt_stop2|
1543952494.251832|M|unregister magic trackpad 2|
1543952494.254681|M|register touchbar mbp trackpad|
1543952494.254750|M|register internal trackpad|
1543952494.254783|STDEV||
1543952497.268223|M|mt_stop2|
1543952497.268503|M|unregister magic trackpad 2|
1543952497.270237|M|mt_stop2|
1543952497.271328|M|register touchbar mbp trackpad|
1543952497.271373|M|register internal trackpad|
1543952497.271403|STDEV||
1543952497.271637|M|unregister magic trackpad 2|
1543952497.273226|M|register touchbar mbp trackpad|
1543952497.273260|M|register internal trackpad|
1543952497.273284|STDEV||
1543952502.732801|M|mt_stop2|
1543952502.732871|M|unregister magic trackpad 2|
1543952502.734995|M|mt_stop2|
1543952502.735920|M|register touchbar mbp trackpad|
1543952502.735943|M|register internal trackpad|
1543952502.736223|STDEV||
1543952502.736316|M|unregister magic trackpad 2|
1543952502.737740|M|register touchbar mbp trackpad|
1543952502.737768|M|register internal trackpad|
1543952502.737787|STDEV||
1543952626.113769|SEC|SecureInputDisabled com.apple.loginwindow|
1543952626.122507|short|register disable hotkeys|
1543952626.342143|LOGIN|RESTART AFTER LOGIN|
1543952626.346563|xw|should relaunch|
1543952626.347253|xw|BTTRelaunch found|
1543952626.347285|xw|BTTRelaunch call seems successfull|
1543952626.397103|TERMINATE|SHOULDTERMINATE|
1543952626.829786|usage|loading todays usage|
1543952626.845493|ASL|[Crashlytics] Version 3.10.8 (131)|
1543952626.851866|short|init|
1543952626.863146|LIC|idate 2018-11-26 21:18:41 +0000|
1543952626.868178|LIC|closing previous instance of BetterTouchTool relaunch|
1543952626.871457|short|register disable hotkeys|
1543952626.872510|short|register disable hotkeys|
1543952626.905387|LAUNCH|DIDLaunch|
1543952626.922030|xw|is trusted|
1543952626.944459|short|call sharedInstance3|
1543952626.952956|ASL|currently visible 1 0|
1543952626.954176|CONTAINER|touchbar rect: {{0, 0}, {0, 0}}|
1543952627.547183|LIC|trial|
1543952627.549018|webserver|init|
1543952627.549133|START|TB VISIBLE 1|
1543952627.549152|START|TB FORCED HIDDEN 0|
1543952627.595817|SLEEP|FORCESHOWAFTERSLEEP2|
1543952627.595851|TB|present touch bar for mode 1|
1543952627.595862|TB|show touchbar 1|
1543952627.693973|TB|present touch bar for mode 1|
1543952627.694007|TB|show touchbar 1|
1543952627.694454|TB|present touch bar for mode 1|
1543952627.694485|TB|show touchbar 1|
1543952627.753887|SLEEP|FORCESHOWAFTERSLEEP3|
1543952627.753953|TB|present touch bar for mode 1|
1543952627.753963|TB|show touchbar 1|
1543952627.835901|TB|present touch bar for mode 1|
1543952627.835946|TB|show touchbar 1|
1543952627.836361|TB|present touch bar for mode 1|
1543952627.836402|TB|show touchbar 1|
1543952627.971547|TB|present touch bar for mode 1|
1543952627.971576|TB|show touchbar 1|
1543952627.979064|short|register disable hotkeys|
1543952628.430273|M|mt_stop2|
1543952628.431369|M|register touchbar mbp trackpad|
1543952628.431403|M|register internal trackpad|
1543952628.431418|STDEV||
1543952628.621818|ASL|Bonjour Service Published: domain(local.) type(_bttremote._tcp.) name(Doug’s MacBook Pro) port(51639)|
1543952628.855328|ASL|[Crashlytics:Crash] Warning: NSApplicationCrashOnExceptions is not set. This will result in poor top-level uncaught exception reporting.|
1543952629.890296|TB|present touch bar for mode 1|
1543952629.890329|TB|show touchbar 1|
1543952629.890723|TB|present touch bar for mode 1|
1543952629.890748|TB|show touchbar 1|
1543955617.713226|TB|present touch bar for mode 1|
1543955617.713257|TB|show touchbar 1|
1543955619.119989|TB|present touch bar for mode 1|
1543955619.120022|TB|show touchbar 1|
1543956597.536711|usage|loading todays usage|
1543956597.552504|ASL|[Crashlytics] Version 3.10.8 (131)|
1543956597.559184|short|init|
1543956597.575183|LIC|idate 2018-11-26 21:18:41 +0000|
1543956597.582117|LIC|closing previous instance of BetterTouchTool relaunch|
1543956597.585981|short|register disable hotkeys|
1543956597.587005|short|register disable hotkeys|
1543956597.616289|LAUNCH|DIDLaunch|
1543956597.636704|xw|is trusted|
1543956597.656698|short|call sharedInstance3|
1543956597.667550|ASL|currently visible 1 0|
1543956597.668622|CONTAINER|touchbar rect: {{0, 0}, {0, 0}}|
1543956598.303485|LIC|trial|
1543956598.305336|webserver|init|
1543956598.305475|START|TB VISIBLE 1|
1543956598.305493|START|TB FORCED HIDDEN 0|
1543956598.328152|SLEEP|FORCESHOWAFTERSLEEP2|
1543956598.328185|TB|present touch bar for mode 1|
1543956598.328196|TB|show touchbar 1|
1543956598.399870|TB|present touch bar for mode 1|
1543956598.399913|TB|show touchbar 1|
1543956598.401335|TB|present touch bar for mode 1|
1543956598.401363|TB|show touchbar 1|
1543956598.436442|SLEEP|FORCESHOWAFTERSLEEP3|
1543956598.436476|TB|present touch bar for mode 1|
1543956598.436487|TB|show touchbar 1|
1543956598.574987|TB|present touch bar for mode 1|
1543956598.575014|TB|show touchbar 1|
1543956598.575341|TB|present touch bar for mode 1|
1543956598.575367|TB|show touchbar 1|
1543956598.668523|TB|present touch bar for mode 1|
1543956598.668551|TB|show touchbar 1|
1543956598.671447|short|register disable hotkeys|
1543956599.117770|M|mt_stop2|
1543956599.118745|M|register touchbar mbp trackpad|
1543956599.118767|M|register internal trackpad|
1543956599.118784|STDEV||
1543956599.131654|ASL|Bonjour Service Published: domain(local.) type(_bttremote._tcp.) name(Doug’s MacBook Pro) port(51639)|
1543956599.734285|ASL|[Crashlytics:Crash] Warning: NSApplicationCrashOnExceptions is not set. This will result in poor top-level uncaught exception reporting.|
1543956600.603449|TB|present touch bar for mode 1|
1543956600.603485|TB|show touchbar 1|
1543956600.604623|TB|present touch bar for mode 1|
1543956600.604652|TB|show touchbar 1|
